[debug] [2026-01-27T01:24:11.022Z] ----------------------------------------------------------------------
[debug] [2026-01-27T01:24:11.029Z] Command:       C:\Program Files\nodejs\node.exe C:\Users\JJ\AppData\Roaming\npm\node_modules\firebase-tools\lib\bin\firebase.js init
[debug] [2026-01-27T01:24:11.030Z] CLI Version:   14.19.1
[debug] [2026-01-27T01:24:11.031Z] Platform:      win32
[debug] [2026-01-27T01:24:11.031Z] Node Version:  v22.19.0
[debug] [2026-01-27T01:24:11.032Z] Time:          Mon Jan 26 2026 21:24:11 GMT-0400 (hora de Bolivia)
[debug] [2026-01-27T01:24:11.032Z] ----------------------------------------------------------------------
[debug] 
[debug] [2026-01-27T01:24:11.039Z] >>> [apiv2][query] GET https://firebase-public.firebaseio.com/cli.json [none]
[info] 
     ######## #### ########  ######## ########     ###     ######  ########
     ##        ##  ##     ## ##       ##     ##  ##   ##  ##       ##
     ######    ##  ########  ######   ########  #########  ######  ######
     ##        ##  ##    ##  ##       ##     ## ##     ##       ## ##
     ##       #### ##     ## ######## ########  ##     ##  ######  ########

You're about to initialize a Firebase project in this directory:

  C:\Users\JJ\Desktop\Portafolio\Portafolio

[debug] [2026-01-27T01:24:11.600Z] <<< [apiv2][status] GET https://firebase-public.firebaseio.com/cli.json 200
[debug] [2026-01-27T01:24:11.601Z] <<< [apiv2][body] GET https://firebase-public.firebaseio.com/cli.json {"cloudBuildErrorAfter":1594252800000,"cloudBuildWarnAfter":1590019200000,"defaultNode10After":1594252800000,"minVersion":"3.0.5","node8DeploysDisabledAfter":1613390400000,"node8RuntimeDisabledAfter":1615809600000,"node8WarnAfter":1600128000000}
[info] 
=== Project Setup
[info] 
[info] First, let's associate this project directory with a Firebase project.
[info] You can create multiple project aliases by running firebase use --add, 
[info] 
[debug] [2026-01-27T01:25:30.602Z] > command requires scopes: ["email","openid","https://www.googleapis.com/auth/cloudplatformprojects.readonly","https://www.googleapis.com/auth/firebase","https://www.googleapis.com/auth/cloud-platform"]
[debug] [2026-01-27T01:25:30.603Z] > authorizing via signed-in user (alanizaramayojosejohn@gmail.com)
[debug] [2026-01-27T01:25:30.604Z] Checked if tokens are valid: false, expires at: 1767904517659
[debug] [2026-01-27T01:25:30.605Z] Checked if tokens are valid: false, expires at: 1767904517659
[debug] [2026-01-27T01:25:30.605Z] > refreshing access token with scopes: []
[debug] [2026-01-27T01:25:30.606Z] >>> [apiv2][query] POST https://www.googleapis.com/oauth2/v3/token [none]
[debug] [2026-01-27T01:25:30.606Z] >>> [apiv2][body] POST https://www.googleapis.com/oauth2/v3/token [omitted]
[debug] [2026-01-27T01:25:31.166Z] <<< [apiv2][status] POST https://www.googleapis.com/oauth2/v3/token 200
[debug] [2026-01-27T01:25:31.166Z] <<< [apiv2][body] POST https://www.googleapis.com/oauth2/v3/token [omitted]
[debug] [2026-01-27T01:25:31.183Z] >>> [apiv2][query] GET https://firebase.googleapis.com/v1beta1/projects pageSize=100
[debug] [2026-01-27T01:25:32.291Z] <<< [apiv2][status] GET https://firebase.googleapis.com/v1beta1/projects 200
[debug] [2026-01-27T01:25:32.291Z] <<< [apiv2][body] GET https://firebase.googleapis.com/v1beta1/projects [omitted]
[info] 
=== App Hosting Setup
[debug] [2026-01-27T01:25:35.216Z] Checked if tokens are valid: true, expires at: 1769480730167
[debug] [2026-01-27T01:25:35.216Z] Checked if tokens are valid: true, expires at: 1769480730167
[debug] [2026-01-27T01:25:35.216Z] >>> [apiv2][query] GET https://cloudbilling.googleapis.com/v1/projects/alanizaramayojosejohn-1a877/billingInfo [none]
[debug] [2026-01-27T01:25:36.466Z] <<< [apiv2][status] GET https://cloudbilling.googleapis.com/v1/projects/alanizaramayojosejohn-1a877/billingInfo 200
[debug] [2026-01-27T01:25:36.466Z] <<< [apiv2][body] GET https://cloudbilling.googleapis.com/v1/projects/alanizaramayojosejohn-1a877/billingInfo {"name":"projects/alanizaramayojosejohn-1a877/billingInfo","projectId":"alanizaramayojosejohn-1a877","billingAccountName":"billingAccounts/01801A-0C8F07-D86084","billingEnabled":true}
[debug] [2026-01-27T01:25:36.467Z] Checked if tokens are valid: true, expires at: 1769480730167
[debug] [2026-01-27T01:25:36.467Z] Checked if tokens are valid: true, expires at: 1769480730167
[debug] [2026-01-27T01:25:36.468Z] >>> [apiv2][query] GET https://serviceusage.googleapis.com/v1/projects/alanizaramayojosejohn-1a877/services/firebaseapphosting.googleapis.com [none]
[debug] [2026-01-27T01:25:36.468Z] >>> [apiv2][(partial)header] GET https://serviceusage.googleapis.com/v1/projects/alanizaramayojosejohn-1a877/services/firebaseapphosting.googleapis.com x-goog-quota-user=projects/alanizaramayojosejohn-1a877
[debug] [2026-01-27T01:25:37.800Z] <<< [apiv2][status] GET https://serviceusage.googleapis.com/v1/projects/alanizaramayojosejohn-1a877/services/firebaseapphosting.googleapis.com 200
[debug] [2026-01-27T01:25:37.800Z] <<< [apiv2][body] GET https://serviceusage.googleapis.com/v1/projects/alanizaramayojosejohn-1a877/services/firebaseapphosting.googleapis.com [omitted]
[debug] [2026-01-27T01:25:37.807Z] Checked if tokens are valid: true, expires at: 1769480730167
[debug] [2026-01-27T01:25:37.807Z] Checked if tokens are valid: true, expires at: 1769480730167
[debug] [2026-01-27T01:25:37.808Z] Checked if tokens are valid: true, expires at: 1769480730167
[debug] [2026-01-27T01:25:37.808Z] Checked if tokens are valid: true, expires at: 1769480730167
[debug] [2026-01-27T01:25:37.809Z] Checked if tokens are valid: true, expires at: 1769480730167
[debug] [2026-01-27T01:25:37.809Z] Checked if tokens are valid: true, expires at: 1769480730167
[debug] [2026-01-27T01:25:37.810Z] Checked if tokens are valid: true, expires at: 1769480730167
[debug] [2026-01-27T01:25:37.810Z] Checked if tokens are valid: true, expires at: 1769480730167
[debug] [2026-01-27T01:25:37.810Z] Checked if tokens are valid: true, expires at: 1769480730167
[debug] [2026-01-27T01:25:37.810Z] Checked if tokens are valid: true, expires at: 1769480730167
[debug] [2026-01-27T01:25:37.811Z] Checked if tokens are valid: true, expires at: 1769480730167
[debug] [2026-01-27T01:25:37.811Z] Checked if tokens are valid: true, expires at: 1769480730167
[debug] [2026-01-27T01:25:37.811Z] >>> [apiv2][query] GET https://serviceusage.googleapis.com/v1/projects/alanizaramayojosejohn-1a877/services/developerconnect.googleapis.com [none]
[debug] [2026-01-27T01:25:37.811Z] >>> [apiv2][(partial)header] GET https://serviceusage.googleapis.com/v1/projects/alanizaramayojosejohn-1a877/services/developerconnect.googleapis.com x-goog-quota-user=projects/alanizaramayojosejohn-1a877
[debug] [2026-01-27T01:25:37.812Z] >>> [apiv2][query] GET https://serviceusage.googleapis.com/v1/projects/alanizaramayojosejohn-1a877/services/cloudbuild.googleapis.com [none]
[debug] [2026-01-27T01:25:37.812Z] >>> [apiv2][(partial)header] GET https://serviceusage.googleapis.com/v1/projects/alanizaramayojosejohn-1a877/services/cloudbuild.googleapis.com x-goog-quota-user=projects/alanizaramayojosejohn-1a877
[debug] [2026-01-27T01:25:37.815Z] >>> [apiv2][query] GET https://serviceusage.googleapis.com/v1/projects/alanizaramayojosejohn-1a877/services/secretmanager.googleapis.com [none]
[debug] [2026-01-27T01:25:37.815Z] >>> [apiv2][(partial)header] GET https://serviceusage.googleapis.com/v1/projects/alanizaramayojosejohn-1a877/services/secretmanager.googleapis.com x-goog-quota-user=projects/alanizaramayojosejohn-1a877
[debug] [2026-01-27T01:25:37.816Z] >>> [apiv2][query] GET https://serviceusage.googleapis.com/v1/projects/alanizaramayojosejohn-1a877/services/run.googleapis.com [none]
[debug] [2026-01-27T01:25:37.817Z] >>> [apiv2][(partial)header] GET https://serviceusage.googleapis.com/v1/projects/alanizaramayojosejohn-1a877/services/run.googleapis.com x-goog-quota-user=projects/alanizaramayojosejohn-1a877
[debug] [2026-01-27T01:25:37.819Z] >>> [apiv2][query] GET https://serviceusage.googleapis.com/v1/projects/alanizaramayojosejohn-1a877/services/artifactregistry.googleapis.com [none]
[debug] [2026-01-27T01:25:37.819Z] >>> [apiv2][(partial)header] GET https://serviceusage.googleapis.com/v1/projects/alanizaramayojosejohn-1a877/services/artifactregistry.googleapis.com x-goog-quota-user=projects/alanizaramayojosejohn-1a877
[debug] [2026-01-27T01:25:37.821Z] >>> [apiv2][query] GET https://serviceusage.googleapis.com/v1/projects/alanizaramayojosejohn-1a877/services/iam.googleapis.com [none]
[debug] [2026-01-27T01:25:37.822Z] >>> [apiv2][(partial)header] GET https://serviceusage.googleapis.com/v1/projects/alanizaramayojosejohn-1a877/services/iam.googleapis.com x-goog-quota-user=projects/alanizaramayojosejohn-1a877
[debug] [2026-01-27T01:25:38.250Z] <<< [apiv2][status] GET https://serviceusage.googleapis.com/v1/projects/alanizaramayojosejohn-1a877/services/developerconnect.googleapis.com 200
[debug] [2026-01-27T01:25:38.250Z] <<< [apiv2][body] GET https://serviceusage.googleapis.com/v1/projects/alanizaramayojosejohn-1a877/services/developerconnect.googleapis.com [omitted]
[debug] [2026-01-27T01:25:38.957Z] <<< [apiv2][status] GET https://serviceusage.googleapis.com/v1/projects/alanizaramayojosejohn-1a877/services/run.googleapis.com 200
[debug] [2026-01-27T01:25:38.957Z] <<< [apiv2][body] GET https://serviceusage.googleapis.com/v1/projects/alanizaramayojosejohn-1a877/services/run.googleapis.com [omitted]
[debug] [2026-01-27T01:25:38.986Z] <<< [apiv2][status] GET https://serviceusage.googleapis.com/v1/projects/alanizaramayojosejohn-1a877/services/artifactregistry.googleapis.com 200
[debug] [2026-01-27T01:25:38.986Z] <<< [apiv2][body] GET https://serviceusage.googleapis.com/v1/projects/alanizaramayojosejohn-1a877/services/artifactregistry.googleapis.com [omitted]
[debug] [2026-01-27T01:25:39.092Z] <<< [apiv2][status] GET https://serviceusage.googleapis.com/v1/projects/alanizaramayojosejohn-1a877/services/secretmanager.googleapis.com 200
[debug] [2026-01-27T01:25:39.092Z] <<< [apiv2][body] GET https://serviceusage.googleapis.com/v1/projects/alanizaramayojosejohn-1a877/services/secretmanager.googleapis.com [omitted]
[debug] [2026-01-27T01:25:39.164Z] <<< [apiv2][status] GET https://serviceusage.googleapis.com/v1/projects/alanizaramayojosejohn-1a877/services/cloudbuild.googleapis.com 200
[debug] [2026-01-27T01:25:39.164Z] <<< [apiv2][body] GET https://serviceusage.googleapis.com/v1/projects/alanizaramayojosejohn-1a877/services/cloudbuild.googleapis.com [omitted]
[debug] [2026-01-27T01:25:39.217Z] <<< [apiv2][status] GET https://serviceusage.googleapis.com/v1/projects/alanizaramayojosejohn-1a877/services/iam.googleapis.com 200
[debug] [2026-01-27T01:25:39.217Z] <<< [apiv2][body] GET https://serviceusage.googleapis.com/v1/projects/alanizaramayojosejohn-1a877/services/iam.googleapis.com [omitted]
[debug] [2026-01-27T01:25:39.224Z] Checked if tokens are valid: true, expires at: 1769480730167
[debug] [2026-01-27T01:25:39.224Z] Checked if tokens are valid: true, expires at: 1769480730167
[debug] [2026-01-27T01:25:39.224Z] >>> [apiv2][query] POST https://iam.googleapis.com/v1/projects/alanizaramayojosejohn-1a877/serviceAccounts/firebase-app-hosting-compute@alanizaramayojosejohn-1a877.iam.gserviceaccount.com:testIamPermissions [none]
[debug] [2026-01-27T01:25:39.224Z] >>> [apiv2][(partial)header] POST https://iam.googleapis.com/v1/projects/alanizaramayojosejohn-1a877/serviceAccounts/firebase-app-hosting-compute@alanizaramayojosejohn-1a877.iam.gserviceaccount.com:testIamPermissions x-goog-quota-user=projects/alanizaramayojosejohn-1a877
[debug] [2026-01-27T01:25:39.224Z] >>> [apiv2][body] POST https://iam.googleapis.com/v1/projects/alanizaramayojosejohn-1a877/serviceAccounts/firebase-app-hosting-compute@alanizaramayojosejohn-1a877.iam.gserviceaccount.com:testIamPermissions {"permissions":["iam.serviceAccounts.actAs"]}
[debug] [2026-01-27T01:25:40.298Z] <<< [apiv2][status] POST https://iam.googleapis.com/v1/projects/alanizaramayojosejohn-1a877/serviceAccounts/firebase-app-hosting-compute@alanizaramayojosejohn-1a877.iam.gserviceaccount.com:testIamPermissions 200
[debug] [2026-01-27T01:25:40.298Z] <<< [apiv2][body] POST https://iam.googleapis.com/v1/projects/alanizaramayojosejohn-1a877/serviceAccounts/firebase-app-hosting-compute@alanizaramayojosejohn-1a877.iam.gserviceaccount.com:testIamPermissions {"permissions":["iam.serviceAccounts.actAs"]}
[debug] [2026-01-27T01:25:40.298Z] Checked if tokens are valid: true, expires at: 1769480730167
[debug] [2026-01-27T01:25:40.299Z] Checked if tokens are valid: true, expires at: 1769480730167
[debug] [2026-01-27T01:25:40.299Z] >>> [apiv2][query] POST https://iam.googleapis.com/v1/projects/alanizaramayojosejohn-1a877/serviceAccounts [none]
[debug] [2026-01-27T01:25:40.299Z] >>> [apiv2][body] POST https://iam.googleapis.com/v1/projects/alanizaramayojosejohn-1a877/serviceAccounts {"accountId":"firebase-app-hosting-compute","serviceAccount":{"displayName":"Firebase App Hosting compute service account","description":"Default service account used to run builds and deploys for Firebase App Hosting"}}
[debug] [2026-01-27T01:25:40.786Z] <<< [apiv2][status] POST https://iam.googleapis.com/v1/projects/alanizaramayojosejohn-1a877/serviceAccounts 409
[debug] [2026-01-27T01:25:40.786Z] <<< [apiv2][body] POST https://iam.googleapis.com/v1/projects/alanizaramayojosejohn-1a877/serviceAccounts [omitted]
[debug] [2026-01-27T01:25:40.787Z] Checked if tokens are valid: true, expires at: 1769480730167
[debug] [2026-01-27T01:25:40.787Z] Checked if tokens are valid: true, expires at: 1769480730167
[debug] [2026-01-27T01:25:40.787Z] >>> [apiv2][query] POST https://cloudresourcemanager.googleapis.com/v1/projects/alanizaramayojosejohn-1a877:getIamPolicy [none]
[debug] [2026-01-27T01:25:42.055Z] <<< [apiv2][status] POST https://cloudresourcemanager.googleapis.com/v1/projects/alanizaramayojosejohn-1a877:getIamPolicy 200
[debug] [2026-01-27T01:25:42.056Z] <<< [apiv2][body] POST https://cloudresourcemanager.googleapis.com/v1/projects/alanizaramayojosejohn-1a877:getIamPolicy {"version":1,"etag":"BwZJFLZFUNw=","bindings":[{"role":"roles/artifactregistry.serviceAgent","members":["serviceAccount:service-48645676603@gcp-sa-artifactregistry.iam.gserviceaccount.com"]},{"role":"roles/cloudbuild.builds.builder","members":["serviceAccount:48645676603@cloudbuild.gserviceaccount.com"]},{"role":"roles/cloudbuild.serviceAgent","members":["serviceAccount:service-48645676603@gcp-sa-cloudbuild.iam.gserviceaccount.com"]},{"role":"roles/containerregistry.ServiceAgent","members":["serviceAccount:service-48645676603@containerregistry.iam.gserviceaccount.com"]},{"role":"roles/developerconnect.readTokenAccessor","members":["serviceAccount:firebase-app-hosting-compute@alanizaramayojosejohn-1a877.iam.gserviceaccount.com"]},{"role":"roles/developerconnect.serviceAgent","members":["serviceAccount:service-48645676603@gcp-sa-devconnect.iam.gserviceaccount.com"]},{"role":"roles/editor","members":["serviceAccount:48645676603-compute@developer.gserviceaccount.com"]},{"role":"roles/firebase.managementServiceAgent","members":["serviceAccount:service-48645676603@gcp-sa-firebase.iam.gserviceaccount.com"]},{"role":"roles/firebase.sdkAdminServiceAgent","members":["serviceAccount:firebase-adminsdk-fbsvc@alanizaramayojosejohn-1a877.iam.gserviceaccount.com","serviceAccount:firebase-app-hosting-compute@alanizaramayojosejohn-1a877.iam.gserviceaccount.com"]},{"role":"roles/firebaseapphosting.computeRunner","members":["serviceAccount:firebase-app-hosting-compute@alanizaramayojosejohn-1a877.iam.gserviceaccount.com"]},{"role":"roles/firebaseapphosting.serviceAgent","members":["serviceAccount:service-48645676603@gcp-sa-firebaseapphosting.iam.gserviceaccount.com"]},{"role":"roles/iam.serviceAccountTokenCreator","members":["serviceAccount:firebase-adminsdk-fbsvc@alanizaramayojosejohn-1a877.iam.gserviceaccount.com"]},{"role":"roles/owner","members":["user:alanizaramayojosejohn@gmail.com"]},{"role":"roles/run.serviceAgent","members":["serviceAccount:service-48645676603@serverless-robot-prod.iam.gserviceaccount.com"]},{"role":"roles/secretmanager.admin_withcond_b5b472415bd3a3834c79","members":["serviceAccount:service-48645676603@gcp-sa-devconnect.iam.gserviceaccount.com"]}]}
[debug] [2026-01-27T01:25:42.057Z] Checked if tokens are valid: true, expires at: 1769480730167
[debug] [2026-01-27T01:25:42.057Z] Checked if tokens are valid: true, expires at: 1769480730167
[debug] [2026-01-27T01:25:42.057Z] >>> [apiv2][query] POST https://cloudresourcemanager.googleapis.com/v1/projects/alanizaramayojosejohn-1a877:setIamPolicy [none]
[debug] [2026-01-27T01:25:42.057Z] >>> [apiv2][body] POST https://cloudresourcemanager.googleapis.com/v1/projects/alanizaramayojosejohn-1a877:setIamPolicy {"policy":{"version":1,"etag":"BwZJFLZFUNw=","bindings":[{"role":"roles/artifactregistry.serviceAgent","members":["serviceAccount:service-48645676603@gcp-sa-artifactregistry.iam.gserviceaccount.com"]},{"role":"roles/cloudbuild.builds.builder","members":["serviceAccount:48645676603@cloudbuild.gserviceaccount.com"]},{"role":"roles/cloudbuild.serviceAgent","members":["serviceAccount:service-48645676603@gcp-sa-cloudbuild.iam.gserviceaccount.com"]},{"role":"roles/containerregistry.ServiceAgent","members":["serviceAccount:service-48645676603@containerregistry.iam.gserviceaccount.com"]},{"role":"roles/developerconnect.readTokenAccessor","members":["serviceAccount:firebase-app-hosting-compute@alanizaramayojosejohn-1a877.iam.gserviceaccount.com"]},{"role":"roles/developerconnect.serviceAgent","members":["serviceAccount:service-48645676603@gcp-sa-devconnect.iam.gserviceaccount.com"]},{"role":"roles/editor","members":["serviceAccount:48645676603-compute@developer.gserviceaccount.com"]},{"role":"roles/firebase.managementServiceAgent","members":["serviceAccount:service-48645676603@gcp-sa-firebase.iam.gserviceaccount.com"]},{"role":"roles/firebase.sdkAdminServiceAgent","members":["serviceAccount:firebase-adminsdk-fbsvc@alanizaramayojosejohn-1a877.iam.gserviceaccount.com","serviceAccount:firebase-app-hosting-compute@alanizaramayojosejohn-1a877.iam.gserviceaccount.com"]},{"role":"roles/firebaseapphosting.computeRunner","members":["serviceAccount:firebase-app-hosting-compute@alanizaramayojosejohn-1a877.iam.gserviceaccount.com"]},{"role":"roles/firebaseapphosting.serviceAgent","members":["serviceAccount:service-48645676603@gcp-sa-firebaseapphosting.iam.gserviceaccount.com"]},{"role":"roles/iam.serviceAccountTokenCreator","members":["serviceAccount:firebase-adminsdk-fbsvc@alanizaramayojosejohn-1a877.iam.gserviceaccount.com"]},{"role":"roles/owner","members":["user:alanizaramayojosejohn@gmail.com"]},{"role":"roles/run.serviceAgent","members":["serviceAccount:service-48645676603@serverless-robot-prod.iam.gserviceaccount.com"]},{"role":"roles/secretmanager.admin_withcond_b5b472415bd3a3834c79","members":["serviceAccount:service-48645676603@gcp-sa-devconnect.iam.gserviceaccount.com"]},{"role":"roles/storage.objectViewer","members":["serviceAccount:firebase-app-hosting-compute@alanizaramayojosejohn-1a877.iam.gserviceaccount.com"]}]},"updateMask":"bindings"}
[debug] [2026-01-27T01:25:42.698Z] <<< [apiv2][status] POST https://cloudresourcemanager.googleapis.com/v1/projects/alanizaramayojosejohn-1a877:setIamPolicy 200
[debug] [2026-01-27T01:25:42.698Z] <<< [apiv2][body] POST https://cloudresourcemanager.googleapis.com/v1/projects/alanizaramayojosejohn-1a877:setIamPolicy {"version":1,"etag":"BwZJVICUDME=","bindings":[{"role":"roles/artifactregistry.serviceAgent","members":["serviceAccount:service-48645676603@gcp-sa-artifactregistry.iam.gserviceaccount.com"]},{"role":"roles/cloudbuild.builds.builder","members":["serviceAccount:48645676603@cloudbuild.gserviceaccount.com"]},{"role":"roles/cloudbuild.serviceAgent","members":["serviceAccount:service-48645676603@gcp-sa-cloudbuild.iam.gserviceaccount.com"]},{"role":"roles/containerregistry.ServiceAgent","members":["serviceAccount:service-48645676603@containerregistry.iam.gserviceaccount.com"]},{"role":"roles/developerconnect.readTokenAccessor","members":["serviceAccount:firebase-app-hosting-compute@alanizaramayojosejohn-1a877.iam.gserviceaccount.com"]},{"role":"roles/developerconnect.serviceAgent","members":["serviceAccount:service-48645676603@gcp-sa-devconnect.iam.gserviceaccount.com"]},{"role":"roles/editor","members":["serviceAccount:48645676603-compute@developer.gserviceaccount.com"]},{"role":"roles/firebase.managementServiceAgent","members":["serviceAccount:service-48645676603@gcp-sa-firebase.iam.gserviceaccount.com"]},{"role":"roles/firebase.sdkAdminServiceAgent","members":["serviceAccount:firebase-adminsdk-fbsvc@alanizaramayojosejohn-1a877.iam.gserviceaccount.com","serviceAccount:firebase-app-hosting-compute@alanizaramayojosejohn-1a877.iam.gserviceaccount.com"]},{"role":"roles/firebaseapphosting.computeRunner","members":["serviceAccount:firebase-app-hosting-compute@alanizaramayojosejohn-1a877.iam.gserviceaccount.com"]},{"role":"roles/firebaseapphosting.serviceAgent","members":["serviceAccount:service-48645676603@gcp-sa-firebaseapphosting.iam.gserviceaccount.com"]},{"role":"roles/iam.serviceAccountTokenCreator","members":["serviceAccount:firebase-adminsdk-fbsvc@alanizaramayojosejohn-1a877.iam.gserviceaccount.com"]},{"role":"roles/owner","members":["user:alanizaramayojosejohn@gmail.com"]},{"role":"roles/run.serviceAgent","members":["serviceAccount:service-48645676603@serverless-robot-prod.iam.gserviceaccount.com"]},{"role":"roles/secretmanager.admin_withcond_b5b472415bd3a3834c79","members":["serviceAccount:service-48645676603@gcp-sa-devconnect.iam.gserviceaccount.com"]},{"role":"roles/storage.objectViewer","members":["serviceAccount:firebase-app-hosting-compute@alanizaramayojosejohn-1a877.iam.gserviceaccount.com"]}]}
[info] i  This command links your local project to Firebase App Hosting. You will be able to deploy your web app with `firebase deploy` after setup. 
[debug] [2026-01-27T01:25:56.187Z] Checked if tokens are valid: true, expires at: 1769480730167
[debug] [2026-01-27T01:25:56.187Z] Checked if tokens are valid: true, expires at: 1769480730167
[debug] [2026-01-27T01:25:56.189Z] >>> [apiv2][query] GET https://firebaseapphosting.googleapis.com/v1beta/projects/alanizaramayojosejohn-1a877/locations/-/backends 
[debug] [2026-01-27T01:25:57.008Z] <<< [apiv2][status] GET https://firebaseapphosting.googleapis.com/v1beta/projects/alanizaramayojosejohn-1a877/locations/-/backends 200
[debug] [2026-01-27T01:25:57.008Z] <<< [apiv2][body] GET https://firebaseapphosting.googleapis.com/v1beta/projects/alanizaramayojosejohn-1a877/locations/-/backends {"backends":[{"name":"projects/alanizaramayojosejohn-1a877/locations/us-east4/backends/alanizaramayojose","createTime":"2026-01-23T15:23:46.231480822Z","updateTime":"2026-01-25T00:55:50.818821Z","uri":"alanizaramayojose--alanizaramayojosejohn-1a877.us-east4.hosted.app","managedResources":[{"runService":{"service":"projects/48645676603/locations/us-east4/services/alanizaramayojose"}}],"codebase":{"repository":"projects/alanizaramayojosejohn-1a877/locations/us-east4/connections/apphosting-github-conn-n8gy33i/gitRepositoryLinks/alanizaramayojosejohn-code-Portafolio","rootDirectory":"/"},"uid":"2222d02d-ade0-4110-99de-381a0fd23d89","etag":"qBTnwXarpAVEx1Sm-BV_q7rWhJE7u1vUZJlAhhvXdRs","reconciling":false,"servingLocality":"GLOBAL_ACCESS","serviceAccount":"firebase-app-hosting-compute@alanizaramayojosejohn-1a877.iam.gserviceaccount.com","appId":"1:48645676603:web:73029d705b1d6156c9061e"}]}
[debug] [2026-01-27T01:26:43.266Z] ExitPromptError: User force closed the prompt with SIGINT
    at Interface.sigint (C:\Users\JJ\AppData\Roaming\npm\node_modules\firebase-tools\node_modules\@inquirer\core\dist\commonjs\lib\create-prompt.js:101:37)
    at Interface.emit (node:events:519:28)
    at Interface.emit (node:domain:489:12)
    at [_ttyWrite] [as _ttyWrite] (node:internal/readline/interface:1132:18)
    at ReadStream.onkeypress (node:internal/readline/interface:271:20)
    at ReadStream.emit (node:events:531:35)
    at ReadStream.emit (node:domain:489:12)
    at emitKeys (node:internal/readline/utils:370:14)
    at emitKeys.next (<anonymous>)
    at ReadStream.onData (node:internal/readline/emitKeypressEvents:64:36)
[error] 
[error] Error: An unexpected error has occurred.
